<?xml version="1.0" encoding="UTF-8"?>
<testsuite name="Select and validate" tests="1" skipped="1" failures="0" errors="0" timestamp="2022-12-16T21:55:49" hostname="WILSON" time="0.596">
  <properties/>
  <testcase name="&lt;Select and validate&gt;" classname="Select and validate" time="0.596">
    <skipped/>
  </testcase>
  <system-out><![CDATA[]]></system-out>
  <system-err><![CDATA[[Test worker] INFO net.thucydides.core.steps.ConsoleLoggingListener - TEST PENDING
[Test worker] INFO net.thucydides.core.steps.ConsoleLoggingListener - 
          __  _____ _____ ____ _____   ____  _____ _   _ ____ ___ _   _  ____ 
 _       / / |_   _| ____/ ___|_   _| |  _ \| ____| \ | |  _ \_ _| \ | |/ ___|
(_)____ / /    | | |  _| \___ \ | |   | |_) |  _| |  \| | | | | ||  \| | |  _ 
 |_____/ /     | | | |___ ___) || |   |  __/| |___| |\  | |_| | || |\  | |_| |
(_)   /_/      |_| |_____|____/ |_|   |_|   |_____|_| \_|____/___|_| \_|\____|
                                                                                

TEST PENDING: <Select and validate>
---------------------------------------------------------------------------------
]]></system-err>
</testsuite>
